<?xml version="1.0" encoding="UTF-8"?>
<coverage generated="1702506488327" clover="3.2.0">
  <project timestamp="1702506488328" name="All files">
    <metrics statements="17" coveredstatements="17" conditionals="8" coveredconditionals="8" methods="4" coveredmethods="4" elements="29" coveredelements="29" complexity="0" loc="17" ncloc="17" packages="4" files="4" classes="4"/>
    <package name="emailValidation">
      <metrics statements="3" coveredstatements="3" conditionals="0" coveredconditionals="0" methods="1" coveredmethods="1"/>
      <file name="emailValidation.ts" path="C:\Users\johan\OneDrive\Programmering\TypeScript-Exercises\Inlämning\TestingTS\emailValidation\emailValidation.ts">
        <metrics statements="3" coveredstatements="3" conditionals="0" coveredconditionals="0" methods="1" coveredmethods="1"/>
        <line num="2" count="3" type="stmt"/>
        <line num="3" count="3" type="stmt"/>
        <line num="6" count="1" type="stmt"/>
      </file>
    </package>
    <package name="headingCreator">
      <metrics statements="4" coveredstatements="4" conditionals="3" coveredconditionals="3" methods="1" coveredmethods="1"/>
      <file name="headingCreator.ts" path="C:\Users\johan\OneDrive\Programmering\TypeScript-Exercises\Inlämning\TestingTS\headingCreator\headingCreator.ts">
        <metrics statements="4" coveredstatements="4" conditionals="3" coveredconditionals="3" methods="1" coveredmethods="1"/>
        <line num="2" count="3" type="cond" truecount="3" falsecount="0"/>
        <line num="3" count="1" type="stmt"/>
        <line num="6" count="2" type="stmt"/>
        <line num="9" count="1" type="stmt"/>
      </file>
    </package>
    <package name="roundPrice">
      <metrics statements="7" coveredstatements="7" conditionals="5" coveredconditionals="5" methods="1" coveredmethods="1"/>
      <file name="roundPrice.ts" path="C:\Users\johan\OneDrive\Programmering\TypeScript-Exercises\Inlämning\TestingTS\roundPrice\roundPrice.ts">
        <metrics statements="7" coveredstatements="7" conditionals="5" coveredconditionals="5" methods="1" coveredmethods="1"/>
        <line num="2" count="7" type="cond" truecount="2" falsecount="0"/>
        <line num="4" count="7" type="stmt"/>
        <line num="6" count="7" type="cond" truecount="2" falsecount="0"/>
        <line num="8" count="7" type="stmt"/>
        <line num="10" count="7" type="stmt"/>
        <line num="12" count="7" type="stmt"/>
        <line num="15" count="1" type="stmt"/>
      </file>
    </package>
    <package name="zipValidator">
      <metrics statements="3" coveredstatements="3" conditionals="0" coveredconditionals="0" methods="1" coveredmethods="1"/>
      <file name="zipValidator.ts" path="C:\Users\johan\OneDrive\Programmering\TypeScript-Exercises\Inlämning\TestingTS\zipValidator\zipValidator.ts">
        <metrics statements="3" coveredstatements="3" conditionals="0" coveredconditionals="0" methods="1" coveredmethods="1"/>
        <line num="2" count="4" type="stmt"/>
        <line num="3" count="4" type="stmt"/>
        <line num="6" count="1" type="stmt"/>
      </file>
    </package>
  </project>
</coverage>
