<?xml version="1.0" encoding="UTF-8"?>
<coverage generated="1702554285815" clover="3.2.0">
  <project timestamp="1702554285815" name="All files">
    <metrics statements="26" coveredstatements="26" conditionals="10" coveredconditionals="10" methods="6" coveredmethods="6" elements="42" coveredelements="42" complexity="0" loc="26" ncloc="26" packages="6" files="6" classes="6"/>
    <package name="emailValidation">
      <metrics statements="3" coveredstatements="3" conditionals="0" coveredconditionals="0" methods="1" coveredmethods="1"/>
      <file name="emailValidation.ts" path="C:\Users\johan\OneDrive\Programmering\TypeScript-Exercises\Inlämning\TestingTS\emailValidation\emailValidation.ts">
        <metrics statements="3" coveredstatements="3" conditionals="0" coveredconditionals="0" methods="1" coveredmethods="1"/>
        <line num="2" count="3" type="stmt"/>
        <line num="3" count="3" type="stmt"/>
        <line num="6" count="1" type="stmt"/>
      </file>
    </package>
    <package name="headingCreator">
      <metrics statements="4" coveredstatements="4" conditionals="3" coveredconditionals="3" methods="1" coveredmethods="1"/>
      <file name="headingCreator.ts" path="C:\Users\johan\OneDrive\Programmering\TypeScript-Exercises\Inlämning\TestingTS\headingCreator\headingCreator.ts">
        <metrics statements="4" coveredstatements="4" conditionals="3" coveredconditionals="3" methods="1" coveredmethods="1"/>
        <line num="2" count="3" type="cond" truecount="3" falsecount="0"/>
        <line num="3" count="1" type="stmt"/>
        <line num="6" count="2" type="stmt"/>
        <line num="9" count="1" type="stmt"/>
      </file>
    </package>
    <package name="isLowerCase">
      <metrics statements="2" coveredstatements="2" conditionals="0" coveredconditionals="0" methods="1" coveredmethods="1"/>
      <file name="isLowerCase.ts" path="C:\Users\johan\OneDrive\Programmering\TypeScript-Exercises\Inlämning\TestingTS\isLowerCase\isLowerCase.ts">
        <metrics statements="2" coveredstatements="2" conditionals="0" coveredconditionals="0" methods="1" coveredmethods="1"/>
        <line num="2" count="4" type="stmt"/>
        <line num="5" count="1" type="stmt"/>
      </file>
    </package>
    <package name="isPrimeNumber">
      <metrics statements="7" coveredstatements="7" conditionals="2" coveredconditionals="2" methods="1" coveredmethods="1"/>
      <file name="isPrimeNumber.ts" path="C:\Users\johan\OneDrive\Programmering\TypeScript-Exercises\Inlämning\TestingTS\isPrimeNumber\isPrimeNumber.ts">
        <metrics statements="7" coveredstatements="7" conditionals="2" coveredconditionals="2" methods="1" coveredmethods="1"/>
        <line num="2" count="23" type="cond" truecount="1" falsecount="0"/>
        <line num="3" count="4" type="stmt"/>
        <line num="6" count="19" type="stmt"/>
        <line num="7" count="25" type="cond" truecount="1" falsecount="0"/>
        <line num="8" count="11" type="stmt"/>
        <line num="12" count="8" type="stmt"/>
        <line num="15" count="1" type="stmt"/>
      </file>
    </package>
    <package name="roundPrice">
      <metrics statements="7" coveredstatements="7" conditionals="5" coveredconditionals="5" methods="1" coveredmethods="1"/>
      <file name="roundPrice.ts" path="C:\Users\johan\OneDrive\Programmering\TypeScript-Exercises\Inlämning\TestingTS\roundPrice\roundPrice.ts">
        <metrics statements="7" coveredstatements="7" conditionals="5" coveredconditionals="5" methods="1" coveredmethods="1"/>
        <line num="2" count="7" type="cond" truecount="2" falsecount="0"/>
        <line num="4" count="7" type="stmt"/>
        <line num="6" count="7" type="cond" truecount="2" falsecount="0"/>
        <line num="8" count="7" type="stmt"/>
        <line num="10" count="7" type="stmt"/>
        <line num="12" count="7" type="stmt"/>
        <line num="15" count="1" type="stmt"/>
      </file>
    </package>
    <package name="zipValidator">
      <metrics statements="3" coveredstatements="3" conditionals="0" coveredconditionals="0" methods="1" coveredmethods="1"/>
      <file name="zipValidator.ts" path="C:\Users\johan\OneDrive\Programmering\TypeScript-Exercises\Inlämning\TestingTS\zipValidator\zipValidator.ts">
        <metrics statements="3" coveredstatements="3" conditionals="0" coveredconditionals="0" methods="1" coveredmethods="1"/>
        <line num="2" count="4" type="stmt"/>
        <line num="3" count="4" type="stmt"/>
        <line num="6" count="1" type="stmt"/>
      </file>
    </package>
  </project>
</coverage>
