{"C:\\Users\\johan\\OneDrive\\Programmering\\TypeScript-Exercises\\Inlämning\\TestingTS\\emailValidation\\emailValidation.ts": {"path":"C:\\Users\\johan\\OneDrive\\Programmering\\TypeScript-Exercises\\Inlämning\\TestingTS\\emailValidation\\emailValidation.ts","statementMap":{"0":{"start":{"line":2,"column":21},"end":{"line":2,"column":49}},"1":{"start":{"line":3,"column":2},"end":{"line":3,"column":32}},"2":{"start":{"line":6,"column":0},"end":{"line":6,"column":29}}},"fnMap":{"0":{"name":"validateEmail","decl":{"start":{"line":1,"column":9},"end":{"line":1,"column":22}},"loc":{"start":{"line":1,"column":36},"end":{"line":4,"column":1}}}},"branchMap":{},"s":{"0":3,"1":3,"2":1},"f":{"0":3},"b":{}}
,"C:\\Users\\johan\\OneDrive\\Programmering\\TypeScript-Exercises\\Inlämning\\TestingTS\\getGenitive\\getGenitive.ts": {"path":"C:\\Users\\johan\\OneDrive\\Programmering\\TypeScript-Exercises\\Inlämning\\TestingTS\\getGenitive\\getGenitive.ts","statementMap":{"0":{"start":{"line":2,"column":2},"end":{"line":6,"column":3}},"1":{"start":{"line":3,"column":4},"end":{"line":3,"column":16}},"2":{"start":{"line":5,"column":4},"end":{"line":5,"column":22}},"3":{"start":{"line":9,"column":0},"end":{"line":9,"column":27}}},"fnMap":{"0":{"name":"getGenitive","decl":{"start":{"line":1,"column":9},"end":{"line":1,"column":20}},"loc":{"start":{"line":1,"column":33},"end":{"line":7,"column":1}}}},"branchMap":{"0":{"loc":{"start":{"line":2,"column":2},"end":{"line":6,"column":3}},"type":"if","locations":[{"start":{"line":2,"column":2},"end":{"line":6,"column":3}},{"start":{"line":4,"column":9},"end":{"line":6,"column":3}}]}},"s":{"0":6,"1":3,"2":3,"3":1},"f":{"0":6},"b":{"0":[3,3]}}
,"C:\\Users\\johan\\OneDrive\\Programmering\\TypeScript-Exercises\\Inlämning\\TestingTS\\getGroups\\getGroups.ts": {"path":"C:\\Users\\johan\\OneDrive\\Programmering\\TypeScript-Exercises\\Inlämning\\TestingTS\\getGroups\\getGroups.ts","statementMap":{"0":{"start":{"line":2,"column":2},"end":{"line":22,"column":5}},"1":{"start":{"line":4,"column":4},"end":{"line":21,"column":13}},"2":{"start":{"line":5,"column":21},"end":{"line":18,"column":8}},"3":{"start":{"line":20,"column":6},"end":{"line":20,"column":22}},"4":{"start":{"line":25,"column":0},"end":{"line":25,"column":25}}},"fnMap":{"0":{"name":"getGroups","decl":{"start":{"line":1,"column":9},"end":{"line":1,"column":18}},"loc":{"start":{"line":1,"column":18},"end":{"line":23,"column":1}}},"1":{"name":"(anonymous_1)","decl":{"start":{"line":2,"column":21},"end":{"line":2,"column":22}},"loc":{"start":{"line":2,"column":33},"end":{"line":22,"column":3}}},"2":{"name":"(anonymous_2)","decl":{"start":{"line":4,"column":15},"end":{"line":4,"column":18}},"loc":{"start":{"line":4,"column":20},"end":{"line":21,"column":5}}}},"branchMap":{},"s":{"0":1,"1":1,"2":1,"3":1,"4":1},"f":{"0":1,"1":1,"2":1},"b":{}}
,"C:\\Users\\johan\\OneDrive\\Programmering\\TypeScript-Exercises\\Inlämning\\TestingTS\\getUsers\\getUsers.ts": {"path":"C:\\Users\\johan\\OneDrive\\Programmering\\TypeScript-Exercises\\Inlämning\\TestingTS\\getUsers\\getUsers.ts","statementMap":{"0":{"start":{"line":2,"column":2},"end":{"line":34,"column":5}},"1":{"start":{"line":4,"column":4},"end":{"line":33,"column":13}},"2":{"start":{"line":5,"column":20},"end":{"line":30,"column":8}},"3":{"start":{"line":32,"column":6},"end":{"line":32,"column":21}},"4":{"start":{"line":37,"column":0},"end":{"line":37,"column":24}}},"fnMap":{"0":{"name":"getUsers","decl":{"start":{"line":1,"column":9},"end":{"line":1,"column":17}},"loc":{"start":{"line":1,"column":17},"end":{"line":35,"column":1}}},"1":{"name":"(anonymous_1)","decl":{"start":{"line":2,"column":21},"end":{"line":2,"column":22}},"loc":{"start":{"line":2,"column":33},"end":{"line":34,"column":3}}},"2":{"name":"(anonymous_2)","decl":{"start":{"line":4,"column":15},"end":{"line":4,"column":18}},"loc":{"start":{"line":4,"column":20},"end":{"line":33,"column":5}}}},"branchMap":{},"s":{"0":1,"1":1,"2":1,"3":1,"4":1},"f":{"0":1,"1":1,"2":1},"b":{}}
,"C:\\Users\\johan\\OneDrive\\Programmering\\TypeScript-Exercises\\Inlämning\\TestingTS\\headingCreator\\headingCreator.ts": {"path":"C:\\Users\\johan\\OneDrive\\Programmering\\TypeScript-Exercises\\Inlämning\\TestingTS\\headingCreator\\headingCreator.ts","statementMap":{"0":{"start":{"line":2,"column":2},"end":{"line":4,"column":3}},"1":{"start":{"line":3,"column":4},"end":{"line":3,"column":61}},"2":{"start":{"line":6,"column":2},"end":{"line":6,"column":42}},"3":{"start":{"line":9,"column":0},"end":{"line":9,"column":29}}},"fnMap":{"0":{"name":"createHeading","decl":{"start":{"line":1,"column":9},"end":{"line":1,"column":22}},"loc":{"start":{"line":1,"column":50},"end":{"line":7,"column":1}}}},"branchMap":{"0":{"loc":{"start":{"line":2,"column":2},"end":{"line":4,"column":3}},"type":"if","locations":[{"start":{"line":2,"column":2},"end":{"line":4,"column":3}}]},"1":{"loc":{"start":{"line":2,"column":6},"end":{"line":2,"column":28}},"type":"binary-expr","locations":[{"start":{"line":2,"column":6},"end":{"line":2,"column":15}},{"start":{"line":2,"column":19},"end":{"line":2,"column":28}}]}},"s":{"0":3,"1":1,"2":2,"3":1},"f":{"0":3},"b":{"0":[1],"1":[3,3]}}
,"C:\\Users\\johan\\OneDrive\\Programmering\\TypeScript-Exercises\\Inlämning\\TestingTS\\isLowerCase\\isLowerCase.ts": {"path":"C:\\Users\\johan\\OneDrive\\Programmering\\TypeScript-Exercises\\Inlämning\\TestingTS\\isLowerCase\\isLowerCase.ts","statementMap":{"0":{"start":{"line":2,"column":2},"end":{"line":2,"column":32}},"1":{"start":{"line":5,"column":0},"end":{"line":5,"column":27}}},"fnMap":{"0":{"name":"isLowerCase","decl":{"start":{"line":1,"column":9},"end":{"line":1,"column":20}},"loc":{"start":{"line":1,"column":34},"end":{"line":3,"column":1}}}},"branchMap":{},"s":{"0":4,"1":1},"f":{"0":4},"b":{}}
,"C:\\Users\\johan\\OneDrive\\Programmering\\TypeScript-Exercises\\Inlämning\\TestingTS\\isPrimeNumber\\isPrimeNumber.ts": {"path":"C:\\Users\\johan\\OneDrive\\Programmering\\TypeScript-Exercises\\Inlämning\\TestingTS\\isPrimeNumber\\isPrimeNumber.ts","statementMap":{"0":{"start":{"line":2,"column":2},"end":{"line":4,"column":3}},"1":{"start":{"line":3,"column":4},"end":{"line":3,"column":17}},"2":{"start":{"line":6,"column":2},"end":{"line":10,"column":3}},"3":{"start":{"line":6,"column":15},"end":{"line":6,"column":16}},"4":{"start":{"line":7,"column":4},"end":{"line":9,"column":5}},"5":{"start":{"line":8,"column":6},"end":{"line":8,"column":19}},"6":{"start":{"line":12,"column":2},"end":{"line":12,"column":14}},"7":{"start":{"line":15,"column":0},"end":{"line":15,"column":29}}},"fnMap":{"0":{"name":"isPrimeNumber","decl":{"start":{"line":1,"column":9},"end":{"line":1,"column":22}},"loc":{"start":{"line":1,"column":34},"end":{"line":13,"column":1}}}},"branchMap":{"0":{"loc":{"start":{"line":2,"column":2},"end":{"line":4,"column":3}},"type":"if","locations":[{"start":{"line":2,"column":2},"end":{"line":4,"column":3}}]},"1":{"loc":{"start":{"line":7,"column":4},"end":{"line":9,"column":5}},"type":"if","locations":[{"start":{"line":7,"column":4},"end":{"line":9,"column":5}}]}},"s":{"0":23,"1":4,"2":19,"3":19,"4":25,"5":11,"6":8,"7":1},"f":{"0":23},"b":{"0":[4],"1":[11]}}
,"C:\\Users\\johan\\OneDrive\\Programmering\\TypeScript-Exercises\\Inlämning\\TestingTS\\roundPrice\\roundPrice.ts": {"path":"C:\\Users\\johan\\OneDrive\\Programmering\\TypeScript-Exercises\\Inlämning\\TestingTS\\roundPrice\\roundPrice.ts","statementMap":{"0":{"start":{"line":8,"column":63},"end":{"line":8,"column":70}},"1":{"start":{"line":11,"column":23},"end":{"line":11,"column":54}},"2":{"start":{"line":14,"column":23},"end":{"line":14,"column":103}},"3":{"start":{"line":17,"column":25},"end":{"line":17,"column":48}},"4":{"start":{"line":20,"column":26},"end":{"line":20,"column":100}},"5":{"start":{"line":22,"column":2},"end":{"line":22,"column":25}},"6":{"start":{"line":25,"column":0},"end":{"line":25,"column":26}}},"fnMap":{"0":{"name":"roundPrice","decl":{"start":{"line":5,"column":9},"end":{"line":5,"column":19}},"loc":{"start":{"line":5,"column":88},"end":{"line":23,"column":1}}}},"branchMap":{"0":{"loc":{"start":{"line":5,"column":35},"end":{"line":5,"column":88}},"type":"default-arg","locations":[{"start":{"line":5,"column":86},"end":{"line":5,"column":88}}]},"1":{"loc":{"start":{"line":8,"column":10},"end":{"line":8,"column":40}},"type":"default-arg","locations":[{"start":{"line":8,"column":20},"end":{"line":8,"column":40}}]},"2":{"loc":{"start":{"line":8,"column":42},"end":{"line":8,"column":58}},"type":"default-arg","locations":[{"start":{"line":8,"column":53},"end":{"line":8,"column":58}}]},"3":{"loc":{"start":{"line":14,"column":23},"end":{"line":14,"column":103}},"type":"cond-expr","locations":[{"start":{"line":14,"column":43},"end":{"line":14,"column":71}},{"start":{"line":14,"column":74},"end":{"line":14,"column":103}}]}},"s":{"0":7,"1":7,"2":7,"3":7,"4":7,"5":7,"6":1},"f":{"0":7},"b":{"0":[3],"1":[3],"2":[6],"3":[2,5]}}
,"C:\\Users\\johan\\OneDrive\\Programmering\\TypeScript-Exercises\\Inlämning\\TestingTS\\zipValidator\\zipValidator.ts": {"path":"C:\\Users\\johan\\OneDrive\\Programmering\\TypeScript-Exercises\\Inlämning\\TestingTS\\zipValidator\\zipValidator.ts","statementMap":{"0":{"start":{"line":2,"column":19},"end":{"line":2,"column":28}},"1":{"start":{"line":3,"column":2},"end":{"line":3,"column":28}},"2":{"start":{"line":6,"column":0},"end":{"line":6,"column":27}}},"fnMap":{"0":{"name":"validateZip","decl":{"start":{"line":1,"column":9},"end":{"line":1,"column":20}},"loc":{"start":{"line":1,"column":32},"end":{"line":4,"column":1}}}},"branchMap":{},"s":{"0":4,"1":4,"2":1},"f":{"0":4},"b":{}}
}
