{"C:\\Users\\johan\\OneDrive\\Programmering\\TypeScript-Exercises\\Inlämning\\TestingTS\\emailValidation\\emailValidation.ts": {"path":"C:\\Users\\johan\\OneDrive\\Programmering\\TypeScript-Exercises\\Inlämning\\TestingTS\\emailValidation\\emailValidation.ts","statementMap":{"0":{"start":{"line":2,"column":21},"end":{"line":2,"column":49}},"1":{"start":{"line":3,"column":2},"end":{"line":3,"column":32}},"2":{"start":{"line":6,"column":0},"end":{"line":6,"column":29}}},"fnMap":{"0":{"name":"validateEmail","decl":{"start":{"line":1,"column":9},"end":{"line":1,"column":22}},"loc":{"start":{"line":1,"column":36},"end":{"line":4,"column":1}}}},"branchMap":{},"s":{"0":3,"1":3,"2":1},"f":{"0":3},"b":{}}
,"C:\\Users\\johan\\OneDrive\\Programmering\\TypeScript-Exercises\\Inlämning\\TestingTS\\headingCreator\\headingCreator.ts": {"path":"C:\\Users\\johan\\OneDrive\\Programmering\\TypeScript-Exercises\\Inlämning\\TestingTS\\headingCreator\\headingCreator.ts","statementMap":{"0":{"start":{"line":2,"column":2},"end":{"line":4,"column":3}},"1":{"start":{"line":3,"column":4},"end":{"line":3,"column":61}},"2":{"start":{"line":6,"column":2},"end":{"line":6,"column":42}},"3":{"start":{"line":9,"column":0},"end":{"line":9,"column":29}}},"fnMap":{"0":{"name":"createHeading","decl":{"start":{"line":1,"column":9},"end":{"line":1,"column":22}},"loc":{"start":{"line":1,"column":50},"end":{"line":7,"column":1}}}},"branchMap":{"0":{"loc":{"start":{"line":2,"column":2},"end":{"line":4,"column":3}},"type":"if","locations":[{"start":{"line":2,"column":2},"end":{"line":4,"column":3}}]},"1":{"loc":{"start":{"line":2,"column":6},"end":{"line":2,"column":28}},"type":"binary-expr","locations":[{"start":{"line":2,"column":6},"end":{"line":2,"column":15}},{"start":{"line":2,"column":19},"end":{"line":2,"column":28}}]}},"s":{"0":3,"1":1,"2":2,"3":1},"f":{"0":3},"b":{"0":[1],"1":[3,3]}}
,"C:\\Users\\johan\\OneDrive\\Programmering\\TypeScript-Exercises\\Inlämning\\TestingTS\\isLowerCase\\isLowerCase.ts": {"path":"C:\\Users\\johan\\OneDrive\\Programmering\\TypeScript-Exercises\\Inlämning\\TestingTS\\isLowerCase\\isLowerCase.ts","statementMap":{"0":{"start":{"line":2,"column":2},"end":{"line":2,"column":32}},"1":{"start":{"line":5,"column":0},"end":{"line":5,"column":27}}},"fnMap":{"0":{"name":"isLowerCase","decl":{"start":{"line":1,"column":9},"end":{"line":1,"column":20}},"loc":{"start":{"line":1,"column":34},"end":{"line":3,"column":1}}}},"branchMap":{},"s":{"0":4,"1":1},"f":{"0":4},"b":{}}
,"C:\\Users\\johan\\OneDrive\\Programmering\\TypeScript-Exercises\\Inlämning\\TestingTS\\roundPrice\\roundPrice.ts": {"path":"C:\\Users\\johan\\OneDrive\\Programmering\\TypeScript-Exercises\\Inlämning\\TestingTS\\roundPrice\\roundPrice.ts","statementMap":{"0":{"start":{"line":2,"column":63},"end":{"line":2,"column":70}},"1":{"start":{"line":4,"column":23},"end":{"line":4,"column":54}},"2":{"start":{"line":6,"column":23},"end":{"line":6,"column":103}},"3":{"start":{"line":8,"column":25},"end":{"line":8,"column":48}},"4":{"start":{"line":10,"column":26},"end":{"line":10,"column":100}},"5":{"start":{"line":12,"column":2},"end":{"line":12,"column":25}},"6":{"start":{"line":15,"column":0},"end":{"line":15,"column":26}}},"fnMap":{"0":{"name":"roundPrice","decl":{"start":{"line":1,"column":9},"end":{"line":1,"column":19}},"loc":{"start":{"line":1,"column":88},"end":{"line":13,"column":1}}}},"branchMap":{"0":{"loc":{"start":{"line":1,"column":35},"end":{"line":1,"column":88}},"type":"default-arg","locations":[{"start":{"line":1,"column":86},"end":{"line":1,"column":88}}]},"1":{"loc":{"start":{"line":2,"column":10},"end":{"line":2,"column":40}},"type":"default-arg","locations":[{"start":{"line":2,"column":20},"end":{"line":2,"column":40}}]},"2":{"loc":{"start":{"line":2,"column":42},"end":{"line":2,"column":58}},"type":"default-arg","locations":[{"start":{"line":2,"column":53},"end":{"line":2,"column":58}}]},"3":{"loc":{"start":{"line":6,"column":23},"end":{"line":6,"column":103}},"type":"cond-expr","locations":[{"start":{"line":6,"column":43},"end":{"line":6,"column":71}},{"start":{"line":6,"column":74},"end":{"line":6,"column":103}}]}},"s":{"0":7,"1":7,"2":7,"3":7,"4":7,"5":7,"6":1},"f":{"0":7},"b":{"0":[3],"1":[3],"2":[6],"3":[2,5]}}
,"C:\\Users\\johan\\OneDrive\\Programmering\\TypeScript-Exercises\\Inlämning\\TestingTS\\zipValidator\\zipValidator.ts": {"path":"C:\\Users\\johan\\OneDrive\\Programmering\\TypeScript-Exercises\\Inlämning\\TestingTS\\zipValidator\\zipValidator.ts","statementMap":{"0":{"start":{"line":2,"column":19},"end":{"line":2,"column":28}},"1":{"start":{"line":3,"column":2},"end":{"line":3,"column":28}},"2":{"start":{"line":6,"column":0},"end":{"line":6,"column":27}}},"fnMap":{"0":{"name":"validateZip","decl":{"start":{"line":1,"column":9},"end":{"line":1,"column":20}},"loc":{"start":{"line":1,"column":32},"end":{"line":4,"column":1}}}},"branchMap":{},"s":{"0":4,"1":4,"2":1},"f":{"0":4},"b":{}}
}
