TN:
SF:emailValidation\emailValidation.ts
FN:1,validateEmail
FNF:1
FNH:1
FNDA:3,validateEmail
DA:2,3
DA:3,3
DA:6,1
LF:3
LH:3
BRF:0
BRH:0
end_of_record
TN:
SF:headingCreator\headingCreator.ts
FN:1,createHeading
FNF:1
FNH:1
FNDA:3,createHeading
DA:2,3
DA:3,1
DA:6,2
DA:9,1
LF:4
LH:4
BRDA:2,0,0,1
BRDA:2,1,0,3
BRDA:2,1,1,3
BRF:3
BRH:3
end_of_record
TN:
SF:isLowerCase\isLowerCase.ts
FN:1,isLowerCase
FNF:1
FNH:1
FNDA:4,isLowerCase
DA:2,4
DA:5,1
LF:2
LH:2
BRF:0
BRH:0
end_of_record
TN:
SF:roundPrice\roundPrice.ts
FN:1,roundPrice
FNF:1
FNH:1
FNDA:7,roundPrice
DA:2,7
DA:4,7
DA:6,7
DA:8,7
DA:10,7
DA:12,7
DA:15,1
LF:7
LH:7
BRDA:1,0,0,3
BRDA:2,1,0,3
BRDA:2,2,0,6
BRDA:6,3,0,2
BRDA:6,3,1,5
BRF:5
BRH:5
end_of_record
TN:
SF:zipValidator\zipValidator.ts
FN:1,validateZip
FNF:1
FNH:1
FNDA:4,validateZip
DA:2,4
DA:3,4
DA:6,1
LF:3
LH:3
BRF:0
BRH:0
end_of_record
