TN:
SF:emailValidation\emailValidation.ts
FN:1,validateEmail
FNF:1
FNH:1
FNDA:3,validateEmail
DA:2,3
DA:3,3
DA:6,1
LF:3
LH:3
BRF:0
BRH:0
end_of_record
TN:
SF:getGenitive\getGenitive.ts
FN:1,getGenitive
FNF:1
FNH:1
FNDA:6,getGenitive
DA:2,6
DA:3,3
DA:5,3
DA:9,1
LF:4
LH:4
BRDA:2,0,0,3
BRDA:2,0,1,3
BRF:2
BRH:2
end_of_record
TN:
SF:getGroups\getGroups.ts
FN:1,getGroups
FN:2,(anonymous_1)
FN:4,(anonymous_2)
FNF:3
FNH:3
FNDA:1,getGroups
FNDA:1,(anonymous_1)
FNDA:1,(anonymous_2)
DA:2,1
DA:4,1
DA:5,1
DA:20,1
DA:25,1
LF:5
LH:5
BRF:0
BRH:0
end_of_record
TN:
SF:getUsers\getUsers.ts
FN:1,getUsers
FN:2,(anonymous_1)
FN:4,(anonymous_2)
FNF:3
FNH:3
FNDA:1,getUsers
FNDA:1,(anonymous_1)
FNDA:1,(anonymous_2)
DA:2,1
DA:4,1
DA:5,1
DA:32,1
DA:37,1
LF:5
LH:5
BRF:0
BRH:0
end_of_record
TN:
SF:headingCreator\headingCreator.ts
FN:1,createHeading
FNF:1
FNH:1
FNDA:3,createHeading
DA:2,3
DA:3,1
DA:6,2
DA:9,1
LF:4
LH:4
BRDA:2,0,0,1
BRDA:2,1,0,3
BRDA:2,1,1,3
BRF:3
BRH:3
end_of_record
TN:
SF:isLowerCase\isLowerCase.ts
FN:1,isLowerCase
FNF:1
FNH:1
FNDA:4,isLowerCase
DA:2,4
DA:5,1
LF:2
LH:2
BRF:0
BRH:0
end_of_record
TN:
SF:isPrimeNumber\isPrimeNumber.ts
FN:1,isPrimeNumber
FNF:1
FNH:1
FNDA:23,isPrimeNumber
DA:2,23
DA:3,4
DA:6,19
DA:7,25
DA:8,11
DA:12,8
DA:15,1
LF:7
LH:7
BRDA:2,0,0,4
BRDA:7,1,0,11
BRF:2
BRH:2
end_of_record
TN:
SF:roundPrice\roundPrice.ts
FN:5,roundPrice
FNF:1
FNH:1
FNDA:7,roundPrice
DA:8,7
DA:11,7
DA:14,7
DA:17,7
DA:20,7
DA:22,7
DA:25,1
LF:7
LH:7
BRDA:5,0,0,3
BRDA:8,1,0,3
BRDA:8,2,0,6
BRDA:14,3,0,2
BRDA:14,3,1,5
BRF:5
BRH:5
end_of_record
TN:
SF:zipValidator\zipValidator.ts
FN:1,validateZip
FNF:1
FNH:1
FNDA:4,validateZip
DA:2,4
DA:3,4
DA:6,1
LF:3
LH:3
BRF:0
BRH:0
end_of_record
